19/02/02 03:02:24 INFO client.RMProxy: Connecting to ResourceManager at cluster-practica-bda-rlv-m/10.164.0.27:8032
19/02/02 03:02:24 INFO client.AHSProxy: Connecting to Application History server at cluster-practica-bda-rlv-m/10.164.0.27:10200
19/02/02 03:02:26 INFO input.FileInputFormat: Total input files to process : 1
19/02/02 03:02:26 INFO mapreduce.JobSubmitter: number of splits:1
19/02/02 03:02:26 INFO Configuration.deprecation: yarn.resourcemanager.system-metrics-publisher.enabled is deprecated. Instead, use yarn.system-metrics-publisher.enabled
19/02/02 03:02:26 INFO mapreduce.JobSubmitter: Submitting tokens for job: job_1549075941254_0007
19/02/02 03:02:27 INFO impl.YarnClientImpl: Submitted application application_1549075941254_0007
19/02/02 03:02:27 INFO mapreduce.Job: The url to track the job: http://cluster-practica-bda-rlv-m:8088/proxy/application_1549075941254_0007/
19/02/02 03:02:27 INFO mapreduce.Job: Running job: job_1549075941254_0007
19/02/02 03:02:37 INFO mapreduce.Job: Job job_1549075941254_0007 running in uber mode : false
19/02/02 03:02:37 INFO mapreduce.Job:  map 0% reduce 0%
19/02/02 03:02:46 INFO mapreduce.Job:  map 100% reduce 0%
19/02/02 03:02:59 INFO mapreduce.Job:  map 100% reduce 25%
19/02/02 03:03:00 INFO mapreduce.Job:  map 100% reduce 38%
19/02/02 03:03:02 INFO mapreduce.Job:  map 100% reduce 75%
19/02/02 03:03:03 INFO mapreduce.Job:  map 100% reduce 100%
19/02/02 03:03:04 INFO mapreduce.Job: Job job_1549075941254_0007 completed successfully
19/02/02 03:03:04 INFO mapreduce.Job: Counters: 55
	File System Counters
		FILE: Number of bytes read=8574
		FILE: Number of bytes written=1883548
		FILE: Number of read operations=0
		FILE: Number of large read operations=0
		FILE: Number of write operations=0
		GS: Number of bytes read=5683
		GS: Number of bytes written=5923
		GS: Number of read operations=0
		GS: Number of large read operations=0
		GS: Number of write operations=0
		HDFS: Number of bytes read=121
		HDFS: Number of bytes written=0
		HDFS: Number of read operations=1
		HDFS: Number of large read operations=0
		HDFS: Number of write operations=0
	Job Counters 
		Killed reduce tasks=1
		Launched map tasks=1
		Launched reduce tasks=8
		Rack-local map tasks=1
		Total time spent by all maps in occupied slots (ms)=25324
		Total time spent by all reduces in occupied slots (ms)=369208
		Total time spent by all map tasks (ms)=6331
		Total time spent by all reduce tasks (ms)=92302
		Total vcore-milliseconds taken by all map tasks=6331
		Total vcore-milliseconds taken by all reduce tasks=92302
		Total megabyte-milliseconds taken by all map tasks=12965888
		Total megabyte-milliseconds taken by all reduce tasks=189034496
	Map-Reduce Framework
		Map input records=238
		Map output records=810
		Map output bytes=8687
		Map output materialized bytes=8574
		Input split bytes=121
		Combine input records=810
		Combine output records=651
		Reduce input groups=651
		Reduce shuffle bytes=8574
		Reduce input records=651
		Reduce output records=651
		Spilled Records=1302
		Shuffled Maps =8
		Failed Shuffles=0
		Merged Map outputs=8
		GC time elapsed (ms)=2620
		CPU time spent (ms)=8720
		Physical memory (bytes) snapshot=2596913152
		Virtual memory (bytes) snapshot=31613562880
		Total committed heap usage (bytes)=2006974464
	Shuffle Errors
		BAD_ID=0
		CONNECTION=0
		IO_ERROR=0
		WRONG_LENGTH=0
		WRONG_MAP=0
		WRONG_REDUCE=0
	File Input Format Counters 
		Bytes Read=5683
	File Output Format Counters 
		Bytes Written=5923